TN:
SF:/Users/nakamura-takes/ava-avoriaz/src/js/components/discography.vue
FN:19,data
FN:29,fetchData
FN:34,(anonymous_3)
FN:38,(anonymous_4)
FN:46,(anonymous_5)
FN:46,(anonymous_6)
FNF:6
FNH:5
FNDA:2,data
FNDA:1,fetchData
FNDA:1,(anonymous_3)
FNDA:0,(anonymous_4)
FNDA:6,(anonymous_5)
FNDA:1,(anonymous_6)
DA:14,1
DA:15,1
DA:17,1
DA:22,2
DA:30,1
DA:31,1
DA:36,1
DA:39,0
DA:46,6
DA:47,1
DA:48,1
LF:11
LH:10
BRDA:46,0,0,1
BRDA:46,0,1,1
BRDA:46,0,2,0
BRDA:46,1,0,1
BRDA:46,1,1,0
BRDA:46,2,0,6
BRDA:46,2,1,0
BRDA:47,3,0,1
BRDA:47,3,1,1
BRDA:47,3,2,0
BRDA:47,4,0,1
BRDA:47,4,1,0
BRDA:48,5,0,1
BRDA:48,5,1,1
BRDA:48,5,2,0
BRDA:48,6,0,1
BRDA:48,6,1,0
BRF:17
BRH:10
end_of_record
TN:
SF:/Users/nakamura-takes/ava-avoriaz/src/js/components/sub_title.js
FN:1,subTitle
FNF:1
FNH:1
FNDA:3,subTitle
DA:1,2
DA:2,3
LF:2
LH:2
BRF:0
BRH:0
end_of_record
